Note: detected 192 virtual cores but NumExpr set to maximum of 64, check "NUMEXPR_MAX_THREADS" environment variable.
Note: NumExpr detected 192 cores but "NUMEXPR_MAX_THREADS" not set, so enforcing safe limit of 8.
NumExpr defaulting to 8 threads.
[W 2025-03-03 12:13:20.871 LabApp] Config option `kernel_spec_manager_class` not recognized by `LabApp`.
[W 2025-03-03 12:13:20.874 LabApp] Config option `kernel_spec_manager_class` not recognized by `LabApp`.
[W 2025-03-03 12:13:20.879 LabApp] Config option `kernel_spec_manager_class` not recognized by `LabApp`.
[I 2025-03-03 12:13:20.880 ServerApp] jupyterlab | extension was successfully linked.
[W 2025-03-03 12:13:20.881 NotebookApp] Config option `kernel_spec_manager_class` not recognized by `NotebookApp`.
[W 2025-03-03 12:13:20.906 NotebookApp] Config option `kernel_spec_manager_class` not recognized by `NotebookApp`.
[W 2025-03-03 12:13:20.910 NotebookApp] Config option `kernel_spec_manager_class` not recognized by `NotebookApp`.
[I 2025-03-03 12:13:21.298 ServerApp] nbclassic | extension was successfully linked.
[I 2025-03-03 12:13:21.298 ServerApp] panel.io.jupyter_server_extension | extension was successfully linked.
[I 2025-03-03 12:13:22.877 ServerApp] [nb_conda_kernels] enabled, 2 kernels found
[I 2025-03-03 12:13:23.029 ServerApp] nbclassic | extension was successfully loaded.
[I 2025-03-03 12:13:23.030 LabApp] JupyterLab extension loaded from /pkgs/anaconda3/lib/python3.7/site-packages/jupyterlab
[I 2025-03-03 12:13:23.030 LabApp] JupyterLab application directory is /w/pkgs/anaconda3/share/jupyter/lab
[I 2025-03-03 12:13:23.033 ServerApp] jupyterlab | extension was successfully loaded.
[I 2025-03-03 12:13:23.034 ServerApp] panel.io.jupyter_server_extension | extension was successfully loaded.
[I 2025-03-03 12:13:23.035 ServerApp] Serving notebooks from local directory: /mfs1/u/lcotta/crosstalk-q1-2025
[I 2025-03-03 12:13:23.035 ServerApp] Jupyter Server 1.18.1 is running at:
[I 2025-03-03 12:13:23.035 ServerApp] http://boorchu:8888/lab?token=daf5df4864e55ecd32c3b8a42179986a5d9efaaf78af4e10
[I 2025-03-03 12:13:23.035 ServerApp]  or http://127.0.0.1:8888/lab?token=daf5df4864e55ecd32c3b8a42179986a5d9efaaf78af4e10
[I 2025-03-03 12:13:23.035 ServerApp] Use Control-C to stop this server and shut down all kernels (twice to skip confirmation).
[C 2025-03-03 12:13:23.077 ServerApp] 
    
    To access the server, open this file in a browser:
        file:///h/290/lcotta/.local/share/jupyter/runtime/jpserver-4022583-open.html
    Or copy and paste one of these URLs:
        http://boorchu:8888/lab?token=daf5df4864e55ecd32c3b8a42179986a5d9efaaf78af4e10
     or http://127.0.0.1:8888/lab?token=daf5df4864e55ecd32c3b8a42179986a5d9efaaf78af4e10
[I 2025-03-03 12:13:58.606 ServerApp] 302 GET / (10.63.12.14) 0.57ms
[I 2025-03-03 12:13:58.612 LabApp] 302 GET /lab? (10.63.12.14) 0.72ms
[I 2025-03-03 12:14:02.243 ServerApp] 302 GET / (10.63.12.14) 0.55ms
[I 2025-03-03 12:14:02.245 LabApp] 302 GET /lab? (10.63.12.14) 0.30ms
